<?xml version="1.0" encoding="UTF-8"?>
<testng-results skipped="0" failed="1" ignored="0" total="5" passed="4">
  <reporter-output>
  </reporter-output>
  <suite name="Default suite" duration-ms="255314" started-at="2022-02-07T16:25:52 CST" finished-at="2022-02-07T16:30:07 CST">
    <groups>
    </groups>
    <test name="Default test" duration-ms="255314" started-at="2022-02-07T16:25:52 CST" finished-at="2022-02-07T16:30:07 CST">
      <class name="com.training.accounttest.AccountTest">
        <test-method status="PASS" signature="setUp()[pri:0, instance:com.training.accounttest.AccountTest@46daef40]" name="setUp" is-config="true" duration-ms="98" started-at="2022-02-07T16:25:52 CST" finished-at="2022-02-07T16:25:52 CST">
          <reporter-output>
          </reporter-output>
        </test-method> <!-- setUp -->
        <test-method status="PASS" signature="beforeMethod(java.lang.reflect.Method)[pri:0, instance:com.training.accounttest.AccountTest@46daef40]" name="beforeMethod" is-config="true" duration-ms="26129" started-at="2022-02-07T16:25:52 CST" finished-at="2022-02-07T16:26:18 CST">
          <params>
            <param index="0">
              <value>
                <![CDATA[public void com.training.accounttest.AccountTest.CreateAccountreport() throws java.lang.Exception]]>
              </value>
            </param>
          </params>
          <reporter-output>
          </reporter-output>
        </test-method> <!-- beforeMethod -->
        <test-method status="PASS" signature="CreateAccountreport()[pri:0, instance:com.training.accounttest.AccountTest@46daef40]" name="CreateAccountreport" duration-ms="29957" started-at="2022-02-07T16:26:18 CST" description="Create account report 14" finished-at="2022-02-07T16:26:48 CST">
          <reporter-output>
          </reporter-output>
        </test-method> <!-- CreateAccountreport -->
        <test-method status="PASS" signature="teardown(org.testng.ITestResult)[pri:0, instance:com.training.accounttest.AccountTest@46daef40]" name="teardown" is-config="true" duration-ms="126" started-at="2022-02-07T16:26:48 CST" finished-at="2022-02-07T16:26:48 CST">
          <params>
            <param index="0">
              <value>
                <![CDATA[[TestResult name=CreateAccountreport status=SUCCESS method=AccountTest.CreateAccountreport()[pri:0, instance:com.training.accounttest.AccountTest@46daef40] output={null}]]]>
              </value>
            </param>
          </params>
          <reporter-output>
          </reporter-output>
        </test-method> <!-- teardown -->
        <test-method status="PASS" signature="beforeMethod(java.lang.reflect.Method)[pri:0, instance:com.training.accounttest.AccountTest@46daef40]" name="beforeMethod" is-config="true" duration-ms="23419" started-at="2022-02-07T16:26:48 CST" finished-at="2022-02-07T16:27:11 CST">
          <params>
            <param index="0">
              <value>
                <![CDATA[public void com.training.accounttest.AccountTest.MergeAccount() throws java.lang.Exception]]>
              </value>
            </param>
          </params>
          <reporter-output>
          </reporter-output>
        </test-method> <!-- beforeMethod -->
        <test-method status="PASS" signature="MergeAccount()[pri:0, instance:com.training.accounttest.AccountTest@46daef40]" name="MergeAccount" duration-ms="4847" started-at="2022-02-07T16:27:11 CST" description="MergeAccount 13" finished-at="2022-02-07T16:27:16 CST">
          <reporter-output>
          </reporter-output>
        </test-method> <!-- MergeAccount -->
        <test-method status="PASS" signature="teardown(org.testng.ITestResult)[pri:0, instance:com.training.accounttest.AccountTest@46daef40]" name="teardown" is-config="true" duration-ms="120" started-at="2022-02-07T16:27:16 CST" finished-at="2022-02-07T16:27:16 CST">
          <params>
            <param index="0">
              <value>
                <![CDATA[[TestResult name=MergeAccount status=SUCCESS method=AccountTest.MergeAccount()[pri:0, instance:com.training.accounttest.AccountTest@46daef40] output={null}]]]>
              </value>
            </param>
          </params>
          <reporter-output>
          </reporter-output>
        </test-method> <!-- teardown -->
        <test-method status="PASS" signature="beforeMethod(java.lang.reflect.Method)[pri:0, instance:com.training.accounttest.AccountTest@46daef40]" name="beforeMethod" is-config="true" duration-ms="25579" started-at="2022-02-07T16:27:16 CST" finished-at="2022-02-07T16:27:42 CST">
          <params>
            <param index="0">
              <value>
                <![CDATA[public void com.training.accounttest.AccountTest.SelectEditview() throws java.lang.Exception]]>
              </value>
            </param>
          </params>
          <reporter-output>
          </reporter-output>
        </test-method> <!-- beforeMethod -->
        <test-method status="PASS" signature="SelectEditview()[pri:0, instance:com.training.accounttest.AccountTest@46daef40]" name="SelectEditview" duration-ms="56599" started-at="2022-02-07T16:27:42 CST" description="Select Edit view in account 12" finished-at="2022-02-07T16:28:39 CST">
          <reporter-output>
          </reporter-output>
        </test-method> <!-- SelectEditview -->
        <test-method status="PASS" signature="teardown(org.testng.ITestResult)[pri:0, instance:com.training.accounttest.AccountTest@46daef40]" name="teardown" is-config="true" duration-ms="145" started-at="2022-02-07T16:28:39 CST" finished-at="2022-02-07T16:28:39 CST">
          <params>
            <param index="0">
              <value>
                <![CDATA[[TestResult name=SelectEditview status=SUCCESS method=AccountTest.SelectEditview()[pri:0, instance:com.training.accounttest.AccountTest@46daef40] output={null}]]]>
              </value>
            </param>
          </params>
          <reporter-output>
          </reporter-output>
        </test-method> <!-- teardown -->
        <test-method status="PASS" signature="beforeMethod(java.lang.reflect.Method)[pri:0, instance:com.training.accounttest.AccountTest@46daef40]" name="beforeMethod" is-config="true" duration-ms="22239" started-at="2022-02-07T16:28:39 CST" finished-at="2022-02-07T16:29:01 CST">
          <params>
            <param index="0">
              <value>
                <![CDATA[public void com.training.accounttest.AccountTest.SelectAccount() throws java.lang.Exception]]>
              </value>
            </param>
          </params>
          <reporter-output>
          </reporter-output>
        </test-method> <!-- beforeMethod -->
        <test-method status="PASS" signature="SelectAccount()[pri:1, instance:com.training.accounttest.AccountTest@46daef40]" name="SelectAccount" duration-ms="10762" started-at="2022-02-07T16:29:01 CST" description="Select Account 10" finished-at="2022-02-07T16:29:12 CST">
          <reporter-output>
          </reporter-output>
        </test-method> <!-- SelectAccount -->
        <test-method status="PASS" signature="teardown(org.testng.ITestResult)[pri:0, instance:com.training.accounttest.AccountTest@46daef40]" name="teardown" is-config="true" duration-ms="136" started-at="2022-02-07T16:29:12 CST" finished-at="2022-02-07T16:29:12 CST">
          <params>
            <param index="0">
              <value>
                <![CDATA[[TestResult name=SelectAccount status=SUCCESS method=AccountTest.SelectAccount()[pri:1, instance:com.training.accounttest.AccountTest@46daef40] output={null}]]]>
              </value>
            </param>
          </params>
          <reporter-output>
          </reporter-output>
        </test-method> <!-- teardown -->
        <test-method status="PASS" signature="beforeMethod(java.lang.reflect.Method)[pri:0, instance:com.training.accounttest.AccountTest@46daef40]" name="beforeMethod" is-config="true" duration-ms="23204" started-at="2022-02-07T16:29:12 CST" finished-at="2022-02-07T16:29:35 CST">
          <params>
            <param index="0">
              <value>
                <![CDATA[public void com.training.accounttest.AccountTest.Selectnewview() throws java.lang.Exception]]>
              </value>
            </param>
          </params>
          <reporter-output>
          </reporter-output>
        </test-method> <!-- beforeMethod -->
        <test-method status="FAIL" signature="Selectnewview()[pri:2, instance:com.training.accounttest.AccountTest@46daef40]" name="Selectnewview" duration-ms="31272" started-at="2022-02-07T16:29:35 CST" description="Create newview in account 11" finished-at="2022-02-07T16:30:06 CST">
          <exception class="org.openqa.selenium.NoSuchElementException">
            <message>
              <![CDATA[no such element: Unable to locate element: {"method":"xpath","selector":"//tbody/tr[1]/td[2]/div[2]/form[1]/div[1]/span[1]/span[2]/a[1]"}
  (Session info: chrome=97.0.4692.99)
For documentation on this error, please visit: https://www.seleniumhq.org/exceptions/no_such_element.html
Build info: version: '3.141.59', revision: 'e82be7d358', time: '2018-11-14T08:17:03'
System info: host: 'LAPTOP-2NIBFOQN', ip: '192.168.1.225', os.name: 'Windows 10', os.arch: 'amd64', os.version: '10.0', java.version: '1.8.0_301'
Driver info: org.openqa.selenium.chrome.ChromeDriver
Capabilities {acceptInsecureCerts: false, browserName: chrome, browserVersion: 97.0.4692.99, chrome: {chromedriverVersion: 97.0.4692.71 (adefa7837d02a..., userDataDir: C:\Users\vasuk\AppData\Loca...}, goog:chromeOptions: {debuggerAddress: localhost:52403}, javascriptEnabled: true, networkConnectionEnabled: false, pageLoadStrategy: normal, platform: WINDOWS, platformName: WINDOWS, proxy: Proxy(), setWindowRect: true, strictFileInteractability: false, timeouts: {implicit: 0, pageLoad: 300000, script: 30000}, unhandledPromptBehavior: dismiss and notify, webauthn:extension:credBlob: true, webauthn:extension:largeBlob: true, webauthn:virtualAuthenticators: true}
Session ID: 15a964662e3239c063541f3f6ba55923
*** Element info: {Using=xpath, value=//tbody/tr[1]/td[2]/div[2]/form[1]/div[1]/span[1]/span[2]/a[1]}]]>
            </message>
            <full-stacktrace>
              <![CDATA[org.openqa.selenium.NoSuchElementException: no such element: Unable to locate element: {"method":"xpath","selector":"//tbody/tr[1]/td[2]/div[2]/form[1]/div[1]/span[1]/span[2]/a[1]"}
  (Session info: chrome=97.0.4692.99)
For documentation on this error, please visit: https://www.seleniumhq.org/exceptions/no_such_element.html
Build info: version: '3.141.59', revision: 'e82be7d358', time: '2018-11-14T08:17:03'
System info: host: 'LAPTOP-2NIBFOQN', ip: '192.168.1.225', os.name: 'Windows 10', os.arch: 'amd64', os.version: '10.0', java.version: '1.8.0_301'
Driver info: org.openqa.selenium.chrome.ChromeDriver
Capabilities {acceptInsecureCerts: false, browserName: chrome, browserVersion: 97.0.4692.99, chrome: {chromedriverVersion: 97.0.4692.71 (adefa7837d02a..., userDataDir: C:\Users\vasuk\AppData\Loca...}, goog:chromeOptions: {debuggerAddress: localhost:52403}, javascriptEnabled: true, networkConnectionEnabled: false, pageLoadStrategy: normal, platform: WINDOWS, platformName: WINDOWS, proxy: Proxy(), setWindowRect: true, strictFileInteractability: false, timeouts: {implicit: 0, pageLoad: 300000, script: 30000}, unhandledPromptBehavior: dismiss and notify, webauthn:extension:credBlob: true, webauthn:extension:largeBlob: true, webauthn:virtualAuthenticators: true}
Session ID: 15a964662e3239c063541f3f6ba55923
*** Element info: {Using=xpath, value=//tbody/tr[1]/td[2]/div[2]/form[1]/div[1]/span[1]/span[2]/a[1]}
at sun.reflect.NativeConstructorAccessorImpl.newInstance0(Native Method)
at sun.reflect.NativeConstructorAccessorImpl.newInstance(NativeConstructorAccessorImpl.java:62)
at sun.reflect.DelegatingConstructorAccessorImpl.newInstance(DelegatingConstructorAccessorImpl.java:45)
at java.lang.reflect.Constructor.newInstance(Constructor.java:423)
at org.openqa.selenium.remote.http.W3CHttpResponseCodec.createException(W3CHttpResponseCodec.java:187)
at org.openqa.selenium.remote.http.W3CHttpResponseCodec.decode(W3CHttpResponseCodec.java:122)
at org.openqa.selenium.remote.http.W3CHttpResponseCodec.decode(W3CHttpResponseCodec.java:49)
at org.openqa.selenium.remote.HttpCommandExecutor.execute(HttpCommandExecutor.java:158)
at org.openqa.selenium.remote.service.DriverCommandExecutor.execute(DriverCommandExecutor.java:83)
at org.openqa.selenium.remote.RemoteWebDriver.execute(RemoteWebDriver.java:552)
at org.openqa.selenium.remote.RemoteWebDriver.findElement(RemoteWebDriver.java:323)
at org.openqa.selenium.remote.RemoteWebDriver.findElementByXPath(RemoteWebDriver.java:428)
at org.openqa.selenium.By$ByXPath.findElement(By.java:353)
at org.openqa.selenium.remote.RemoteWebDriver.findElement(RemoteWebDriver.java:315)
at org.openqa.selenium.support.pagefactory.DefaultElementLocator.findElement(DefaultElementLocator.java:69)
at org.openqa.selenium.support.pagefactory.internal.LocatingElementHandler.invoke(LocatingElementHandler.java:38)
at com.sun.proxy.$Proxy11.isDisplayed(Unknown Source)
at com.training.basepage.BaseTest.clickObj(BaseTest.java:158)
at com.training.accounttest.AccountTest.Selectnewview(AccountTest.java:77)
at sun.reflect.NativeMethodAccessorImpl.invoke0(Native Method)
at sun.reflect.NativeMethodAccessorImpl.invoke(NativeMethodAccessorImpl.java:62)
at sun.reflect.DelegatingMethodAccessorImpl.invoke(DelegatingMethodAccessorImpl.java:43)
at java.lang.reflect.Method.invoke(Method.java:498)
at org.testng.internal.MethodInvocationHelper.invokeMethod(MethodInvocationHelper.java:133)
at org.testng.internal.TestInvoker.invokeMethod(TestInvoker.java:598)
at org.testng.internal.TestInvoker.invokeTestMethod(TestInvoker.java:173)
at org.testng.internal.MethodRunner.runInSequence(MethodRunner.java:46)
at org.testng.internal.TestInvoker$MethodInvocationAgent.invoke(TestInvoker.java:824)
at org.testng.internal.TestInvoker.invokeTestMethods(TestInvoker.java:146)
at org.testng.internal.TestMethodWorker.invokeTestMethods(TestMethodWorker.java:146)
at org.testng.internal.TestMethodWorker.run(TestMethodWorker.java:128)
at java.util.ArrayList.forEach(ArrayList.java:1259)
at org.testng.TestRunner.privateRun(TestRunner.java:794)
at org.testng.TestRunner.run(TestRunner.java:596)
at org.testng.SuiteRunner.runTest(SuiteRunner.java:377)
at org.testng.SuiteRunner.runSequentially(SuiteRunner.java:371)
at org.testng.SuiteRunner.privateRun(SuiteRunner.java:332)
at org.testng.SuiteRunner.run(SuiteRunner.java:276)
at org.testng.SuiteRunnerWorker.runSuite(SuiteRunnerWorker.java:53)
at org.testng.SuiteRunnerWorker.run(SuiteRunnerWorker.java:96)
at org.testng.TestNG.runSuitesSequentially(TestNG.java:1212)
at org.testng.TestNG.runSuitesLocally(TestNG.java:1134)
at org.testng.TestNG.runSuites(TestNG.java:1063)
at org.testng.TestNG.run(TestNG.java:1031)
at org.testng.remote.AbstractRemoteTestNG.run(AbstractRemoteTestNG.java:115)
at org.testng.remote.RemoteTestNG.initAndRun(RemoteTestNG.java:251)
at org.testng.remote.RemoteTestNG.main(RemoteTestNG.java:77)
]]>
            </full-stacktrace>
          </exception> <!-- org.openqa.selenium.NoSuchElementException -->
          <reporter-output>
          </reporter-output>
        </test-method> <!-- Selectnewview -->
        <test-method status="PASS" signature="teardown(org.testng.ITestResult)[pri:0, instance:com.training.accounttest.AccountTest@46daef40]" name="teardown" is-config="true" duration-ms="350" started-at="2022-02-07T16:30:06 CST" finished-at="2022-02-07T16:30:07 CST">
          <params>
            <param index="0">
              <value>
                <![CDATA[[TestResult name=Selectnewview status=FAILURE method=AccountTest.Selectnewview()[pri:2, instance:com.training.accounttest.AccountTest@46daef40] output={null}]]]>
              </value>
            </param>
          </params>
          <reporter-output>
          </reporter-output>
        </test-method> <!-- teardown -->
        <test-method status="PASS" signature="endUp()[pri:0, instance:com.training.accounttest.AccountTest@46daef40]" name="endUp" is-config="true" duration-ms="267" started-at="2022-02-07T16:30:07 CST" finished-at="2022-02-07T16:30:07 CST">
          <reporter-output>
          </reporter-output>
        </test-method> <!-- endUp -->
      </class> <!-- com.training.accounttest.AccountTest -->
    </test> <!-- Default test -->
  </suite> <!-- Default suite -->
</testng-results>
